# JRE version: OpenJDK Runtime Environment (11.0.12+7) (build 11.0.12+7-b1504.28-7817840)
# Java VM: OpenJDK 64-Bit Server VM (11.0.12+7-b1504.28-7817840, mixed mode, tiered, compressed oops, g1 gc, windows-amd64)
Heap:
 garbage-first heap   total 131072K, used 76555K [0x00000000a0000000, 0x0000000100000000)
  region size 1024K, 13 young (13312K), 5 survivors (5120K)
 Metaspace       used 78116K, capacity 80266K, committed 80512K, reserved 1118208K
  class space    used 10258K, capacity 11017K, committed 11136K, reserved 1048576K
GC Heap History (20 events):
Event: 67.862 GC heap before
{Heap before GC invocations=11 (full 0):
 garbage-first heap   total 131072K, used 98840K [0x00000000a0000000, 0x0000000100000000)
  region size 1024K, 70 young (71680K), 7 survivors (7168K)
 Metaspace       used 50721K, capacity 51917K, committed 52224K, reserved 1095680K
  class space    used 6430K, capacity 6860K, committed 6912K, reserved 1048576K
}
Event: 67.885 GC heap after
{Heap after GC invocations=12 (full 0):
 garbage-first heap   total 131072K, used 41976K [0x00000000a0000000, 0x0000000100000000)
  region size 1024K, 9 young (9216K), 9 survivors (9216K)
 Metaspace       used 50721K, capacity 51917K, committed 52224K, reserved 1095680K
  class space    used 6430K, capacity 6860K, committed 6912K, reserved 1048576K
}
Event: 74.087 GC heap before
{Heap before GC invocations=12 (full 0):
 garbage-first heap   total 131072K, used 97272K [0x00000000a0000000, 0x0000000100000000)
  region size 1024K, 64 young (65536K), 9 survivors (9216K)
 Metaspace       used 56356K, capacity 57615K, committed 57856K, reserved 1099776K
  class space    used 7143K, capacity 7598K, committed 7680K, reserved 1048576K
}
Event: 74.117 GC heap after
{Heap after GC invocations=13 (full 0):
 garbage-first heap   total 131072K, used 46601K [0x00000000a0000000, 0x0000000100000000)
  region size 1024K, 4 young (4096K), 4 survivors (4096K)
 Metaspace       used 56356K, capacity 57615K, committed 57856K, reserved 1099776K
  class space    used 7143K, capacity 7598K, committed 7680K, reserved 1048576K
}
Event: 76.168 GC heap before
{Heap before GC invocations=13 (full 0):
 garbage-first heap   total 131072K, used 61961K [0x00000000a0000000, 0x0000000100000000)
  region size 1024K, 19 young (19456K), 4 survivors (4096K)
 Metaspace       used 58743K, capacity 60059K, committed 60160K, reserved 1101824K
  class space    used 7394K, capacity 7878K, committed 7936K, reserved 1048576K
}
Event: 76.180 GC heap after
{Heap after GC invocations=14 (full 0):
 garbage-first heap   total 131072K, used 46885K [0x00000000a0000000, 0x0000000100000000)
  region size 1024K, 5 young (5120K), 5 survivors (5120K)
 Metaspace       used 58743K, capacity 60059K, committed 60160K, reserved 1101824K
  class space    used 7394K, capacity 7878K, committed 7936K, reserved 1048576K
}
Event: 81.771 GC heap before
{Heap before GC invocations=15 (full 0):
 garbage-first heap   total 131072K, used 89893K [0x00000000a0000000, 0x0000000100000000)
  region size 1024K, 47 young (48128K), 5 survivors (5120K)
 Metaspace       used 62236K, capacity 63592K, committed 63616K, reserved 1103872K
  class space    used 7825K, capacity 8308K, committed 8320K, reserved 1048576K
}
Event: 81.791 GC heap after
{Heap after GC invocations=16 (full 0):
 garbage-first heap   total 131072K, used 49268K [0x00000000a0000000, 0x0000000100000000)
  region size 1024K, 3 young (3072K), 3 survivors (3072K)
 Metaspace       used 62236K, capacity 63592K, committed 63616K, reserved 1103872K
  class space    used 7825K, capacity 8308K, committed 8320K, reserved 1048576K
}
Event: 83.276 GC heap before
{Heap before GC invocations=17 (full 0):
 garbage-first heap   total 131072K, used 93300K [0x00000000a0000000, 0x0000000100000000)
  region size 1024K, 46 young (47104K), 3 survivors (3072K)
 Metaspace       used 63028K, capacity 64502K, committed 64640K, reserved 1105920K
  class space    used 7957K, capacity 8502K, committed 8576K, reserved 1048576K
}
Event: 83.294 GC heap after
{Heap after GC invocations=18 (full 0):
 garbage-first heap   total 131072K, used 53065K [0x00000000a0000000, 0x0000000100000000)
  region size 1024K, 6 young (6144K), 6 survivors (6144K)
 Metaspace       used 63028K, capacity 64502K, committed 64640K, reserved 1105920K
  class space    used 7957K, capacity 8502K, committed 8576K, reserved 1048576K
}
Event: 86.021 GC heap before
{Heap before GC invocations=18 (full 0):
 garbage-first heap   total 131072K, used 97097K [0x00000000a0000000, 0x0000000100000000)
  region size 1024K, 49 young (50176K), 6 survivors (6144K)
 Metaspace       used 65487K, capacity 67253K, committed 67584K, reserved 1107968K
  class space    used 8281K, capacity 8865K, committed 8960K, reserved 1048576K
}
Event: 86.049 GC heap after
{Heap after GC invocations=19 (full 0):
 garbage-first heap   total 131072K, used 56804K [0x00000000a0000000, 0x0000000100000000)
  region size 1024K, 7 young (7168K), 7 survivors (7168K)
 Metaspace       used 65487K, capacity 67253K, committed 67584K, reserved 1107968K
  class space    used 8281K, capacity 8865K, committed 8960K, reserved 1048576K
}
Event: 89.986 GC heap before
{Heap before GC invocations=19 (full 0):
 garbage-first heap   total 131072K, used 99812K [0x00000000a0000000, 0x0000000100000000)
  region size 1024K, 49 young (50176K), 7 survivors (7168K)
 Metaspace       used 69276K, capacity 71071K, committed 71296K, reserved 1112064K
  class space    used 8907K, capacity 9533K, committed 9600K, reserved 1048576K
}
Event: 90.008 GC heap after
{Heap after GC invocations=20 (full 0):
 garbage-first heap   total 131072K, used 60523K [0x00000000a0000000, 0x0000000100000000)
  region size 1024K, 7 young (7168K), 7 survivors (7168K)
 Metaspace       used 69276K, capacity 71071K, committed 71296K, reserved 1112064K
  class space    used 8907K, capacity 9533K, committed 9600K, reserved 1048576K
}
Event: 91.250 GC heap before
{Heap before GC invocations=20 (full 0):
 garbage-first heap   total 131072K, used 102507K [0x00000000a0000000, 0x0000000100000000)
  region size 1024K, 48 young (49152K), 7 survivors (7168K)
 Metaspace       used 70768K, capacity 72694K, committed 72960K, reserved 1112064K
  class space    used 9175K, capacity 9879K, committed 9984K, reserved 1048576K
}
Event: 91.275 GC heap after
{Heap after GC invocations=21 (full 0):
 garbage-first heap   total 131072K, used 64066K [0x00000000a0000000, 0x0000000100000000)
  region size 1024K, 6 young (6144K), 6 survivors (6144K)
 Metaspace       used 70768K, capacity 72694K, committed 72960K, reserved 1112064K
  class space    used 9175K, capacity 9879K, committed 9984K, reserved 1048576K
}
Event: 95.558 GC heap before
{Heap before GC invocations=21 (full 0):
 garbage-first heap   total 131072K, used 104002K [0x00000000a0000000, 0x0000000100000000)
  region size 1024K, 45 young (46080K), 6 survivors (6144K)
 Metaspace       used 74870K, capacity 76876K, committed 77184K, reserved 1116160K
  class space    used 9778K, capacity 10512K, committed 10624K, reserved 1048576K
}
Event: 95.580 GC heap after
{Heap after GC invocations=22 (full 0):
 garbage-first heap   total 131072K, used 66315K [0x00000000a0000000, 0x0000000100000000)
  region size 1024K, 2 young (2048K), 2 survivors (2048K)
 Metaspace       used 74870K, capacity 76876K, committed 77184K, reserved 1116160K
  class space    used 9778K, capacity 10512K, committed 10624K, reserved 1048576K
}
Event: 102.511 GC heap before
{Heap before GC invocations=22 (full 0):
 garbage-first heap   total 131072K, used 105227K [0x00000000a0000000, 0x0000000100000000)
  region size 1024K, 40 young (40960K), 2 survivors (2048K)
 Metaspace       used 77643K, capacity 79756K, committed 79872K, reserved 1118208K
  class space    used 10171K, capacity 10932K, committed 11008K, reserved 1048576K
}
Event: 102.533 GC heap after
{Heap after GC invocations=23 (full 0):
 garbage-first heap   total 131072K, used 69387K [0x00000000a0000000, 0x0000000100000000)
  region size 1024K, 5 young (5120K), 5 survivors (5120K)
 Metaspace       used 77643K, capacity 79756K, committed 79872K, reserved 1118208K
  class space    used 10171K, capacity 10932K, committed 11008K, reserved 1048576K
}

